-------------------------------------------------------------------------------
Test set: es.unican.is2.ConjuntoOrdenadoTest
-------------------------------------------------------------------------------
Tests run: 5, Failures: 1, Errors: 0, Skipped: 0, Time elapsed: 0.133 s <<< FAILURE! -- in es.unican.is2.ConjuntoOrdenadoTest
es.unican.is2.ConjuntoOrdenadoTest.testAdd -- Time elapsed: 0.052 s <<< FAILURE!
org.opentest4j.AssertionFailedError: expected: <false> but was: <true>
	at org.junit.jupiter.api.AssertionFailureBuilder.build(AssertionFailureBuilder.java:151)
	at org.junit.jupiter.api.AssertionFailureBuilder.buildAndThrow(AssertionFailureBuilder.java:132)
	at org.junit.jupiter.api.AssertFalse.failNotFalse(AssertFalse.java:63)
	at org.junit.jupiter.api.AssertFalse.assertFalse(AssertFalse.java:36)
	at org.junit.jupiter.api.AssertFalse.assertFalse(AssertFalse.java:31)
	at org.junit.jupiter.api.Assertions.assertFalse(Assertions.java:231)
	at es.unican.is2.ConjuntoOrdenadoTest.testAdd(ConjuntoOrdenadoTest.java:81)
	at java.base/java.lang.reflect.Method.invoke(Method.java:569)
	at java.base/java.util.ArrayList.forEach(ArrayList.java:1511)
	at java.base/java.util.ArrayList.forEach(ArrayList.java:1511)

